#######################################################################################
# log primitive debug message of FSDB dumping                                         #
# This is for R&D to analyze when there are issues happening when FSDB dump           #
#######################################################################################
ANF: vcsd_get_serial_mode_status('simv: undefined symbol: vcsd_get_serial_mode_status')
ANF: vcsd_enable_sva_success_callback('simv: undefined symbol: vcsd_enable_sva_success_callback')
ANF: vcsd_disable_sva_success_callback('simv: undefined symbol: vcsd_disable_sva_success_callback')
ANF: vcsd_get_power_scope_name('simv: undefined symbol: vcsd_get_power_scope_name')
ANF: vcsd_begin_no_value_var_info('simv: undefined symbol: vcsd_begin_no_value_var_info')
ANF: vcsd_end_no_value_var_info('simv: undefined symbol: vcsd_end_no_value_var_info')
ANF: vcsd_remove_xprop_merge_mode_callback('simv: undefined symbol: vcsd_remove_xprop_merge_mode_callback')
ANF: vhpi_get_cb_info('simv: undefined symbol: vhpi_get_cb_info')
ANF: vhpi_free_handle('simv: undefined symbol: vhpi_free_handle')
ANF: vhpi_fetch_vcsd_handle('simv: undefined symbol: vhpi_fetch_vcsd_handle')
ANF: vhpi_fetch_vpi_handle('simv: undefined symbol: vhpi_fetch_vpi_handle')
ANF: vhpi_has_verilog_parent('simv: undefined symbol: vhpi_has_verilog_parent')
ANF: vhpi_is_verilog_scope('simv: undefined symbol: vhpi_is_verilog_scope')
ANF: scsd_xprop_is_enabled('simv: undefined symbol: scsd_xprop_is_enabled')
ANF: scsd_xprop_sig_is_promoted('simv: undefined symbol: scsd_xprop_sig_is_promoted')
ANF: scsd_xprop_int_xvalue('simv: undefined symbol: scsd_xprop_int_xvalue')
ANF: scsd_xprop_bool_xvalue('simv: undefined symbol: scsd_xprop_bool_xvalue')
ANF: scsd_xprop_enum_xvalue('simv: undefined symbol: scsd_xprop_enum_xvalue')
ANF: scsd_xprop_register_merge_mode_cb('simv: undefined symbol: scsd_xprop_register_merge_mode_cb')
ANF: scsd_xprop_delete_merge_mode_cb('simv: undefined symbol: scsd_xprop_delete_merge_mode_cb')
ANF: scsd_xprop_get_merge_mode('simv: undefined symbol: scsd_xprop_get_merge_mode')
ANF: scsd_thread_get_info('simv: undefined symbol: scsd_thread_get_info')
ANF: scsd_thread_vc_init('simv: undefined symbol: scsd_thread_vc_init')
ANF: scsd_master_set_delta_sync_cbk('simv: undefined symbol: scsd_master_set_delta_sync_cbk')
ANF: scsd_fgp_get_fsdb_cores('simv: undefined symbol: scsd_fgp_get_fsdb_cores')
ANF: scsd_fgp_get_is_cpu_affinity_disabled('simv: undefined symbol: scsd_fgp_get_is_cpu_affinity_disabled')
ANF: vhdi_dt_get_type('simv: undefined symbol: vhdi_dt_get_type')
ANF: vhdi_dt_get_key('simv: undefined symbol: vhdi_dt_get_key')
ANF: vhdi_dt_get_vhdl_enum_info('simv: undefined symbol: vhdi_dt_get_vhdl_enum_info')
ANF: vhdi_dt_get_vhdl_physical_info('simv: undefined symbol: vhdi_dt_get_vhdl_physical_info')
ANF: vhdi_dt_get_vhdl_array_info('simv: undefined symbol: vhdi_dt_get_vhdl_array_info')
ANF: vhdi_dt_get_vhdl_record_info('simv: undefined symbol: vhdi_dt_get_vhdl_record_info')
ANF: vhdi_def_traverse_module('simv: undefined symbol: vhdi_def_traverse_module')
ANF: vhdi_def_traverse_scope('simv: undefined symbol: vhdi_def_traverse_scope')
ANF: vhdi_def_traverse_variable('simv: undefined symbol: vhdi_def_traverse_variable')
ANF: vhdi_def_get_module_id_by_vhpi('simv: undefined symbol: vhdi_def_get_module_id_by_vhpi')
ANF: vhdi_def_get_handle_by_module_id('simv: undefined symbol: vhdi_def_get_handle_by_module_id')
ANF: vhdi_def_get_variable_info_by_vhpi('simv: undefined symbol: vhdi_def_get_variable_info_by_vhpi')
ANF: vhdi_def_free('simv: undefined symbol: vhdi_def_free')
ANF: vhdi_ist_traverse_scope('simv: undefined symbol: vhdi_ist_traverse_scope')
ANF: vhdi_ist_traverse_variable('simv: undefined symbol: vhdi_ist_traverse_variable')
ANF: vhdi_ist_convert_by_vhpi('simv: undefined symbol: vhdi_ist_convert_by_vhpi')
ANF: vhdi_ist_clone('simv: undefined symbol: vhdi_ist_clone')
ANF: vhdi_ist_free('simv: undefined symbol: vhdi_ist_free')
ANF: vhdi_ist_hash_key('simv: undefined symbol: vhdi_ist_hash_key')
ANF: vhdi_ist_compare('simv: undefined symbol: vhdi_ist_compare')
ANF: vhdi_ist_get_value_addr('simv: undefined symbol: vhdi_ist_get_value_addr')
ANF: vhdi_set_scsd_callback('simv: undefined symbol: vhdi_set_scsd_callback')
ANF: vhdi_cbk_set_force_callback('simv: undefined symbol: vhdi_cbk_set_force_callback')
ANF: vhdi_trigger_init_force('simv: undefined symbol: vhdi_trigger_init_force')
ANF: vhdi_ist_check_scsd_callback('simv: undefined symbol: vhdi_ist_check_scsd_callback')
ANF: vhdi_ist_add_scsd_callback('simv: undefined symbol: vhdi_ist_add_scsd_callback')
ANF: vhdi_ist_remove_scsd_callback('simv: undefined symbol: vhdi_ist_remove_scsd_callback')
ANF: vhdi_ist_get_scsd_user_data('simv: undefined symbol: vhdi_ist_get_scsd_user_data')
ANF: vhdi_add_time_change_callback('simv: undefined symbol: vhdi_add_time_change_callback')
ANF: vhdi_get_real_value_by_value_addr('simv: undefined symbol: vhdi_get_real_value_by_value_addr')
ANF: vhdi_get_64_value_by_value_addr('simv: undefined symbol: vhdi_get_64_value_by_value_addr')
ANF: vhdi_xprop_inst_is_promoted('simv: undefined symbol: vhdi_xprop_inst_is_promoted')
ANF: vdi_ist_convert_by_vhdi('simv: undefined symbol: vdi_ist_convert_by_vhdi')
ANF: vhdi_ist_get_module_id('simv: undefined symbol: vhdi_ist_get_module_id')
ANF: vhdi_refine_foreign_scope_type('simv: undefined symbol: vhdi_refine_foreign_scope_type')
ANF: vhdi_flush_callback('simv: undefined symbol: vhdi_flush_callback')
ANF: vhdi_set_orig_name('simv: undefined symbol: vhdi_set_orig_name')
ANF: vhdi_set_dump_pt('simv: undefined symbol: vhdi_set_dump_pt')
ANF: vhdi_get_fsdb_option('simv: undefined symbol: vhdi_get_fsdb_option')
ANF: vhdi_fgp_get_mode('simv: undefined symbol: vhdi_fgp_get_mode')
ANF: vhdi_node_register_composite_var('simv: undefined symbol: vhdi_node_register_composite_var')
ANF: vhdi_node_analysis('simv: undefined symbol: vhdi_node_analysis')
ANF: vhdi_node_id('simv: undefined symbol: vhdi_node_id')
ANF: vhdi_node_ist_check_scsd_callback('simv: undefined symbol: vhdi_node_ist_check_scsd_callback')
ANF: vhdi_node_ist_add_scsd_callback('simv: undefined symbol: vhdi_node_ist_add_scsd_callback')
ANF: vhdi_node_ist_get_value_addr('simv: undefined symbol: vhdi_node_ist_get_value_addr')
ANF: vhdi_enc_def_traverse_module('simv: undefined symbol: vhdi_enc_def_traverse_module')
ANF: vhdi_enc_def_traverse_scope('simv: undefined symbol: vhdi_enc_def_traverse_scope')
ANF: vhdi_enc_def_traverse_variable('simv: undefined symbol: vhdi_enc_def_traverse_variable')
ANF: vhdi_enc_ist_traverse_scope('simv: undefined symbol: vhdi_enc_ist_traverse_scope')
ANF: vhdi_enc_ist_traverse_variable('simv: undefined symbol: vhdi_enc_ist_traverse_variable')
ANF: vhdi_enc_ist_get_module_id('simv: undefined symbol: vhdi_enc_ist_get_module_id')
ANF: vhdi_enc_def_get_handle_by_module_id('simv: undefined symbol: vhdi_enc_def_get_handle_by_module_id')
VCS compile option:
 option[0]: simv
 option[1]: +v2k
 option[2]: /usr/cad/synopsys/vcs/2022.06/linux64/bin/vcs1
 option[3]: -Mcc=gcc
 option[4]: -Mcplusplus=g++
 option[5]: -Masflags=
 option[6]: -Mcfl= -pipe -fPIC -O -I/usr/cad/synopsys/vcs/2022.06/include 
 option[7]: -Mxllcflags=
 option[8]: -Mxcflags= -pipe -fPIC -I/usr/cad/synopsys/vcs/2022.06/include
 option[9]: -Mldflags= -rdynamic 
 option[10]: -Mout=simv
 option[11]: -Mamsrun=
 option[12]: -Mvcsaceobjs=
 option[13]: -Mobjects= /usr/cad/synopsys/vcs/2022.06/linux64/lib/libvirsim.so /usr/cad/synopsys/vcs/2022.06/linux64/lib/liberrorinf.so /usr/cad/synopsys/vcs/2022.06/linux64/lib/libsnpsmalloc.so /usr/cad/synopsys/vcs/2022.06/linux64/lib/libvfs.so 
 option[14]: -Mexternalobj=
 option[15]: -Msaverestoreobj=/usr/cad/synopsys/vcs/2022.06/linux64/lib/vcs_save_restore_new.o
 option[16]: -Mcrt0=
 option[17]: -Mcrtn=
 option[18]: -Mcsrc=
 option[19]: -Msyslibs=/usr/cad/synopsys/verdi/2022.06//share/PLI/VCS/LINUX64/pli.a -ldl 
 option[20]: -Xvcs_run_simv=1
 option[21]: -full64
 option[22]: -xprop
 option[23]: +v2k
 option[24]: -debug_access+all
 option[25]: +vpi
 option[26]: +vcsd1
 option[27]: +itf+/usr/cad/synopsys/vcs/2022.06/linux64/lib/vcsdp_lite.tab
 option[28]: -picarchive
 option[29]: -P
 option[30]: /usr/cad/synopsys/verdi/2022.06//share/PLI/VCS/LINUX64/verdi.tab
 option[31]: -fsdb
 option[32]: -gen_obj
 option[33]: ../HW.v
 option[34]: ../HW_test.v
 option[35]: -load
 option[36]: /usr/cad/synopsys/verdi/2022.06//share/PLI/VCS/LINUX64/libnovas.so:FSDBDumpCmd
Chronologic Simulation VCS Release T-2022.06_Full64
Linux 3.10.0-1160.42.2.el7.x86_64 #1 SMP Tue Sep 7 14:49:57 UTC 2021 x86_64
CPU cores: 80
Limit information:
======================================
cputime		unlimited
filesize		unlimited
datasize		unlimited
stacksize		8192 kbytes
coredumpsize		0 kbytes
memoryuse		unlimited
vmemoryuse		unlimited
descriptors		4096
memorylocked		64 kbytes
maxproc		4096
======================================
(Special)Runtime environment variables:

Runtime environment variables:
MANPATH=/usr/cad/synopsys/vcs/2022.06/doc/man:/usr/cad/synopsys/star-rcxt/2021.06//starrc/man:/usr/cad/synopsys/synthesis/2021.06-sp2/doc/syn/man
SYNOPSYS_LC_ROOT=/cad/synopsys/lc/cur
XDG_SESSION_ID=11718
TERM_PROGRAM=vscode
HOSTNAME=ntut-lab-317-server-supermicro
XLOCALEDIR=/usr/cad/synopsys/icc2/2021.06-sp2//etc/locale
UNAME=/bin/uname
SCRNAME=vcs
VCS_DEPTH=0
TERM=xterm-256color
SHELL=/bin/bash
HOST=ntut-lab-317-server-supermicro
HISTSIZE=1000
SSH_CLIENT=140.124.43.128 60711 22
CONDA_SHLVL=0
TERM_PROGRAM_VERSION=1.84.2
QTDIR=/usr/lib64/qt-3.3
QTINC=/usr/lib64/qt-3.3/include
LC_ALL=C
SNPS_VCS_INTERNAL_ROOT_PID=118118
QT_GRAPHICSSYSTEM_CHECKED=1
USER=Ethanchen
GROUP=Ethanchen
LS_COLORS=rs=0:di=38;5;27:ln=38;5;51:mh=44;38;5;15:pi=40;38;5;11:so=38;5;13:do=38;5;5:bd=48;5;232;38;5;11:cd=48;5;232;38;5;3:or=48;5;232;38;5;9:mi=05;48;5;232;38;5;15:su=48;5;196;38;5;15:sg=48;5;11;38;5;16:ca=48;5;196;38;5;226:tw=48;5;10;38;5;16:ow=48;5;10;38;5;21:st=48;5;21;38;5;15:ex=38;5;34:*.tar=38;5;9:*.tgz=38;5;9:*.arc=38;5;9:*.arj=38;5;9:*.taz=38;5;9:*.lha=38;5;9:*.lz4=38;5;9:*.lzh=38;5;9:*.lzma=38;5;9:*.tlz=38;5;9:*.txz=38;5;9:*.tzo=38;5;9:*.t7z=38;5;9:*.zip=38;5;9:*.z=38;5;9:*.Z=38;5;9:*.dz=38;5;9:*.gz=38;5;9:*.lrz=38;5;9:*.lz=38;5;9:*.lzo=38;5;9:*.xz=38;5;9:*.bz2=38;5;9:*.bz=38;5;9:*.tbz=38;5;9:*.tbz2=38;5;9:*.tz=38;5;9:*.deb=38;5;9:*.rpm=38;5;9:*.jar=38;5;9:*.war=38;5;9:*.ear=38;5;9:*.sar=38;5;9:*.rar=38;5;9:*.alz=38;5;9:*.ace=38;5;9:*.zoo=38;5;9:*.cpio=38;5;9:*.7z=38;5;9:*.rz=38;5;9:*.cab=38;5;9:*.jpg=38;5;13:*.jpeg=38;5;13:*.gif=38;5;13:*.bmp=38;5;13:*.pbm=38;5;13:*.pgm=38;5;13:*.ppm=38;5;13:*.tga=38;5;13:*.xbm=38;5;13:*.xpm=38;5;13:*.tif=38;5;13:*.tiff=38;5;13:*.png=38;5;13:*.svg=38;5;13:*.svgz=38;5;13:*.mng=38;5;13:*.pcx=38;5;13:*.mov=38;5;13:*.mpg=38;5;13:*.mpeg=38;5;13:*.m2v=38;5;13:*.mkv=38;5;13:*.webm=38;5;13:*.ogm=38;5;13:*.mp4=38;5;13:*.m4v=38;5;13:*.mp4v=38;5;13:*.vob=38;5;13:*.qt=38;5;13:*.nuv=38;5;13:*.wmv=38;5;13:*.asf=38;5;13:*.rm=38;5;13:*.rmvb=38;5;13:*.flc=38;5;13:*.avi=38;5;13:*.fli=38;5;13:*.flv=38;5;13:*.gl=38;5;13:*.dl=38;5;13:*.xcf=38;5;13:*.xwd=38;5;13:*.yuv=38;5;13:*.cgm=38;5;13:*.emf=38;5;13:*.axv=38;5;13:*.anx=38;5;13:*.ogv=38;5;13:*.ogx=38;5;13:*.aac=38;5;45:*.au=38;5;45:*.flac=38;5;45:*.mid=38;5;45:*.midi=38;5;45:*.mka=38;5;45:*.mp3=38;5;45:*.mpc=38;5;45:*.ogg=38;5;45:*.ra=38;5;45:*.wav=38;5;45:*.axa=38;5;45:*.oga=38;5;45:*.spx=38;5;45:*.xspf=38;5;45:
LD_LIBRARY_PATH=/usr/cad/synopsys/vcs/2022.06/lib:/usr/cad/synopsys/vcs/2022.06/linux64/lib:/usr/cad/cadence/CONFRML/CONFRML_20.10.100/tools/lib/64bit:/usr/cad/cadence/CONFRML/CONFRML_20.10.100/tools/lib64:/usr/cad/cadence/CONFRML/CONFRML_20.10.100/tools/lib::/usr/cad/cadence/XCELIUM/XCELIUM_22.03.003/tools/lib/64bit:/usr/cad/cadence/XCELIUM/XCELIUM_22.03.003/tools/lib64:/usr/cad/cadence/XCELIUM/XCELIUM_22.03.003/tools/lib:::/usr/cad/synopsys/customcompiler/2022.06/linux64/lib::::/usr/cad/synopsys/customcompiler/2022.06/linux64/lib:::/usr/cad/synopsys/star-rcxt/2021.06//linux64_starrc/lib/::::/usr/cad/synopsys/verdi/2022.06//etc/lib/libstdc++/LINUX64/:/usr/cad/synopsys/verdi/2022.06//share/PLI/lib/LINUX64/:/usr/cad/synopsys/verdi/2022.06//share/PLI/VCS/LINUX64/::/usr/cad/synopsys/verdi/cur/share/PLI/VCS/LINUX64::/lib64:/usr/lib64:/usr/local/lib64
CONDA_EXE=/home/Ethanchen/anaconda3/bin/conda
SCRIPT_NAME=vcs
VCS_MX_HOME_INTERNAL=1
HOSTTYPE=x86_64-linux
SNPS_VCS_CLANG_PATH=/usr/cad/synopsys/vcs/2022.06/linux64/clang
VCS_USER_OPTIONS=../HW.v ../HW_test.v -R -full64 -xprop +v2k -debug_access+all
OVA_UUM=0
VCS_MODE_FLAG=64
_CE_CONDA=
SYNOPSYS_NCX_ROOT=/usr/cad/synopsys/star-rcxt/2021.06/
VC_STATIC_HOME=/usr/cad/synopsys/vc_formal/cur/
PATH=.:/usr/cad/cadence/CONFRML/CONFRML_20.10.100/tools/bin/64bit:/usr/cad/cadence/CONFRML/CONFRML_20.10.100/tools/bin:/usr/cad/cadence/XCELIUM/XCELIUM_22.03.003/tools/bin/64bit:/usr/cad/cadence/XCELIUM/XCELIUM_22.03.003/tools/bin:/usr/cad/synopsys/primetime/2021.06/amd64/syn/bin:/usr/cad/synopsys/customcompiler/2022.06/bin:/usr/cad/synopsys/customcompiler/2022.06/primewave/bin:/usr/cad/synopsys/synthesis/2021.06-sp2/amd64/syn/bin:/cad/synopsys/lc/cur/bin:/usr/cad/synopsys/primewave/2022.06//bin/:/usr/cad/synopsys/customcompiler/2022.06/bin:/usr/cad/synopsys/customcompiler/2022.06/primewave/bin:/usr/cad/synopsys/vc_formal/cur/bin:/usr/cad/synopsys/formality/2022.03//amd64/fm/bin:/usr/cad/synopsys/icc2/2021.06-sp2//bin:/usr/cad/synopsys/icc/2021.06-sp1//amd64/syn/bin:/usr/cad/synopsys/verdi/2022.06//bin:/usr/cad/synopsys/vcs/2022.06/amd64/bin:/usr/local/gcc-9.2.0/bin:/home/Ethanchen/.vscode-server/bin/1a5daa3a0231a0fbba4f14db7ec463cf99d7768e/bin/remote-cli:/usr/local/gcc-9.2.0/bin:/home/Ethanchen/anaconda3/condabin:/usr/lib64/qt-3.3/bin:/usr/local/gcc-9.2.0/bin:/usr/local/bin:/usr/bin:/var/lib/snapd/snap/bin:/root/anaconda3/bin:/usr/local/sbin:/usr/sbin:/root/anaconda3/bin:/home/Ethanchen/.local/bin:/home/Ethanchen/bin:/root/anaconda3/bin:/usr/cad/synopsys/tcad/cur/raphael/cur/bin:/usr/cad/synopsys/tcad/cur/sentaurus/cur/bin:/usr/cad/synopsys/tcad/cur/taurus_medici/cur/bin:/usr/cad/synopsys/tcad/cur/taurus_tsuprem4/cur/bin
MAIL=/var/spool/mail/Ethanchen
SNPS_VCS_INTERNAL_CURR_PID=118118
VERDI_HOME=/usr/cad/synopsys/verdi/2022.06/
PWD=/home/Ethanchen/verilog/fpga_1121/VCS_HW_231119_174457
VCS_HOME=/usr/cad/synopsys/vcs/2022.06
SNPS_VCS_INTERNAL_MEMPRELOAD_USE_LIBC=1
SNPS_INTERNAL_VCS_LINUX_OS=linux
LANG=en_US.UTF-8
KDEDIRS=/usr
VSCODE_GIT_ASKPASS_EXTRA_ARGS=
VMR_MODE_FLAG=64
VCS_CC=gcc
LM_LICENSE_FILE=5280@lshc:26585@lshc:
SYNOPSYS=/usr/cad/synopsys/synthesis/cur/
HISTCONTROL=ignoredups
SSH_ASKPASS=/usr/libexec/openssh/gnome-ssh-askpass
_CE_M=
VCS_ARG_ADDED_FOR_TMP=1
SNPS_VCS_TMPDIR=/tmp/vcs_20231119094457_118118
HOME=/home/Ethanchen
SHLVL=8
VSCODE_GIT_ASKPASS_MAIN=/home/Ethanchen/.vscode-server/bin/1a5daa3a0231a0fbba4f14db7ec463cf99d7768e/extensions/git/dist/askpass-main.js
OSTYPE=linux
CDN_SYNTH_ROOT=/usr/cad/cadence/GENUS/cur/tools
VCS_COM=/usr/cad/synopsys/vcs/2022.06/linux64/bin/vcs1
VENDOR=unknown
LOGNAME=Ethanchen
CONDA_PYTHON_EXE=/home/Ethanchen/anaconda3/bin/python
MACHTYPE=x86_64
QTLIB=/usr/lib64/qt-3.3/lib
SNPS_VCS_INTERNAL_ROOT_START_TIME=1700387097.806269337
VSCODE_GIT_IPC_HANDLE=/run/user/1049/vscode-git-19c4d799d6.sock
SSH_CONNECTION=140.124.43.128 60711 140.124.41.195 22
XDG_DATA_DIRS=/home/Ethanchen/.local/share/flatpak/exports/share:/var/lib/flatpak/exports/share:/usr/local/share:/usr/share:/var/lib/snapd/desktop
VSCODE_IPC_HOOK_CLI=/run/user/1049/vscode-ipc-f7673ca4-86c5-4769-aa31-dde22ab1b2d6.sock
LESSOPEN=||/usr/bin/lesspipe.sh %s
BROWSER=/home/Ethanchen/.vscode-server/bin/1a5daa3a0231a0fbba4f14db7ec463cf99d7768e/bin/helpers/browser.sh
SHLIB_PATH=/usr/cad/synopsys/verdi/2022.06//etc/lib/libstdc++/LINUX64/:/usr/cad/synopsys/verdi/2022.06//share/PLI/lib/LINUX64/:/usr/cad/synopsys/verdi/2022.06//share/PLI/VCS/LINUX64/:
sysc_uni_pwd=/home/Ethanchen/verilog/fpga_1121/VCS_HW_231119_174457
VSCODE_GIT_ASKPASS_NODE=/home/Ethanchen/.vscode-server/bin/1a5daa3a0231a0fbba4f14db7ec463cf99d7768e/node
GIT_ASKPASS=/home/Ethanchen/.vscode-server/bin/1a5daa3a0231a0fbba4f14db7ec463cf99d7768e/extensions/git/dist/askpass.sh
DISPLAY=localhost:10.0
XDG_RUNTIME_DIR=/run/user/1049
VCS_ARCH=linux64
QT_PLUGIN_PATH=/usr/lib64/kde4/plugins:/usr/lib/kde4/plugins
SYN_MAN_DIR=/usr/cad/synopsys/synthesis/2021.06-sp2/doc/syn/man
TOOL_HOME=/usr/cad/synopsys/vcs/2022.06/linux64
COLORTERM=truecolor
_=./simv
OLDPWD=/home/Ethanchen/verilog/fpga_1121/VCS_HW_231119_174457/simv.daidir/debug_dump/fsearch
VCS_PATHMAP_PRELOAD_DONE=1
VCS_EXEC_DONE=1
VCS_STOP_SAFE=1
DVE=/usr/cad/synopsys/vcs/2022.06/gui/dve
SPECMAN_OUTPUT_TO_TTY=1
FLEXLM_BORROWFILE=/home/Ethanchen/.ntut-lab-317-server-supermicro-borrow.txt
Runtime command line arguments:
argv[0]=simv
argv[1]=+v2k
236 profile - 100
          CPU/Mem usage: 0.040 sys,  0.280 user,  256.82M mem
237 Elapsed time:    0:00:01    Sun Nov 19 17:45:01 2023
238 User CPU time used: 0 seconds
239 System CPU time used: 0 seconds
240 pliAppInit
241 [SC]Init: MemoryConsumed=0.00MB ElapsedTime=0hour 0min. 0sec.
242 FSDB_GATE is set.
243 FSDB_RTL is set.
244 FSDB_ALIAS_ARRAY_ELEM is set to 4294967295.
245 Enable Parallel Dumping.
246 pliAppMiscSet: New Sim Round
247 pliEntryInit
248 LIBSSCORE=found /usr/cad/synopsys/verdi/2022.06//share/PLI/lib/LINUXAMD64/libsscore_vcs202206.so through $NOVAS_HOME setting.
249 FSDB Dumper for VCS, Release Verdi_T-2022.06, Linux x86_64/64bit, 05/29/2022
250 (C) 1996 - 2022 by Synopsys, Inc.
251 sps_call_fsdbDumpfile_main at 0 : ../HW_test.v(34)
252 argv[0]: (HW.fsdb)
253 *Verdi* : Create FSDB file 'HW.fsdb'
254 [spi_vcs_vd_ppi_create_root]: no upf option
255 compile option from '/home/Ethanchen/verilog/fpga_1121/VCS_HW_231119_174457/simv.daidir/vcs_rebuild'.
256   "vcs '../HW.v' '../HW_test.v' '-R' '-full64' '-xprop' '+v2k' '-debug_access+all' 2>&1"
257 DVDI_is_vir_unload_enabled is enable
258 FSDB_VCS_ENABLE_NATIVE_VC is enable
259 sps_call_fsdbDumpvars_vd_main at 0 : ../HW_test.v(35)
260 argv[0]: (0)
261 argv[1]: (handle) HW_test
262 *Verdi* : Begin traversing the scope (HW_test), layer (0).
263 *Verdi* : End of traversing.
264 pliAppHDL_DumpVarComplete traverse var: profile - 
          CPU/Mem usage: 0.060 sys,  0.290 user,  356.15M mem
                   incr: 0.000 sys,  0.000 user,  7.08M mem
                   accu: 0.000 sys,  0.000 user,  7.08M mem
              accu incr: 0.000 sys,  0.000 user,  7.08M mem

          Count usage: 15 var,  15 idcode,  7 callback
                 incr: 15 var,  15 idcode,  7 callback
                 accu: 15 var,  15 idcode,  7 callback
            accu incr: 15 var,  15 idcode,  7 callback
265 Elapsed time:    0:00:01    Sun Nov 19 17:45:01 2023
266 User CPU time used: 0 seconds
267 System CPU time used: 0 seconds
268 pliAppHDL_DumpVarComplete: profile - 
          CPU/Mem usage: 0.060 sys,  0.290 user,  357.20M mem
                   incr: 0.000 sys,  0.000 user,  1.05M mem
                   accu: 0.000 sys,  0.000 user,  8.13M mem
              accu incr: 0.000 sys,  0.000 user,  1.05M mem

          Count usage: 15 var,  15 idcode,  7 callback
                 incr: 0 var,  0 idcode,  0 callback
                 accu: 15 var,  15 idcode,  7 callback
            accu incr: 0 var,  0 idcode,  0 callback
269 Elapsed time:    0:00:01    Sun Nov 19 17:45:01 2023
270 User CPU time used: 0 seconds
271 System CPU time used: 0 seconds
272 End of simulation at 90
273 Memory usage: 357.204 M
274 Maximum resident set size: 151 MB
275 Hard page faults: 0
276 Soft page faults: 25267
277 Elapsed time:    0:00:01    Sun Nov 19 17:45:01 2023
278 User CPU time used: 0 seconds
279 System CPU time used: 0 seconds
280 Begin FSDB profile info:
281 FSDB Writer : bc1(26) bcn(11) mtf/stf(0/0)
FSDB Writer elapsed time : flush(0.002135) io wait(0.000000) theadpool wait(0.000000)
FSDB Writer cpu time : MT Compression : 0
282 End FSDB profile info
283 FSDB closed. Name: HW.fsdb Size: 9273
284 Parallel profile     - ProducerThread:1 ConsumerThread:1 Buffer:64MB
285                      - BlockUsed:1 Acquire:38 BufferUsed:454
286                      - Flush:3 Expand:0 ProducerWait:0 ConsumerWait:0
287                      - MainProducerTime:0.370740231 TotalConsumerTime:0.000000000
288                      - ElapsedTime:0.039768000
289 Producer   0 profile - BlockUsed:1 Acquire:38 BufferUsed:454
290 Consumer   0 profile - Affinity:-1 CPUTime:0.000000000 LifeTime:0.000000000 (-nan%)
291                      - BlockUsed:1 Acquire:38 BufferUsed:454
292 SimExit
293 Elapsed time:    0:00:01    Sun Nov 19 17:45:01 2023
294 User CPU time used: 0 seconds
295 System CPU time used: 0 seconds
296 Sim process exit
