###############################################################
#  Generated by:      Cadence Innovus 19.12-s087_1
#  OS:                Linux x86_64(Host ID islabx5)
#  Generated on:      Wed May  8 22:07:54 2024
#  Design:            CHIP
#  Command:           addMetalFill -layer { METAL1 METAL2 METAL3 METAL4 METAL5 } -timingAware sta -slackThreshold 0.4
###############################################################

Iteration name: default
Fill shape type: FILLWIRE
Layer M1 - Fill width    : 0.400um - 2.000um
Layer M1 - Fill length   : 1.000um - 10.000um
Layer M1 - Active spacing: 0.600um
Layer M1 - Gap spacing   : 0.400um
Layer M1 - Window size   : 100um X 100um
Layer M1 - Window step   : 50um X 50um
Layer M1 - Min Density   : 20%
Layer M1 - Pref Density  : 35%
Layer M1 - Max Density   : 50%
Layer M1 - Ext Density   : 35%
Layer M1 - Number of windows (total - met pref density = processed): 4225 - 172 = 4053
Layer M2 - Fill width    : 0.800um - 2.000um
Layer M2 - Fill length   : 1.000um - 10.000um
Layer M2 - Active spacing: 0.800um
Layer M2 - Gap spacing   : 0.800um
Layer M2 - Window size   : 100um X 100um
Layer M2 - Window step   : 50um X 50um
Layer M2 - Min Density   : 20%
Layer M2 - Pref Density  : 35%
Layer M2 - Max Density   : 50%
Layer M2 - Ext Density   : 35%
Layer M2 - Number of windows (total - met pref density = processed): 4225 - 584 = 3641
Layer M3 - Fill width    : 0.800um - 2.000um
Layer M3 - Fill length   : 1.000um - 10.000um
Layer M3 - Active spacing: 0.800um
Layer M3 - Gap spacing   : 0.800um
Layer M3 - Window size   : 100um X 100um
Layer M3 - Window step   : 50um X 50um
Layer M3 - Min Density   : 20%
Layer M3 - Pref Density  : 35%
Layer M3 - Max Density   : 50%
Layer M3 - Ext Density   : 35%
Layer M3 - Number of windows (total - met pref density = processed): 4225 - 412 = 3813
Layer M4 - Fill width    : 0.800um - 2.000um
Layer M4 - Fill length   : 1.000um - 10.000um
Layer M4 - Active spacing: 0.800um
Layer M4 - Gap spacing   : 0.800um
Layer M4 - Window size   : 100um X 100um
Layer M4 - Window step   : 50um X 50um
Layer M4 - Min Density   : 20%
Layer M4 - Pref Density  : 35%
Layer M4 - Max Density   : 50%
Layer M4 - Ext Density   : 35%
Layer M4 - Number of windows (total - met pref density = processed): 4225 - 2731 = 1494
Layer M5 - Fill width    : 0.800um - 2.000um
Layer M5 - Fill length   : 1.000um - 10.000um
Layer M5 - Active spacing: 0.800um
Layer M5 - Gap spacing   : 0.800um
Layer M5 - Window size   : 100um X 100um
Layer M5 - Window step   : 50um X 50um
Layer M5 - Min Density   : 20%
Layer M5 - Pref Density  : 35%
Layer M5 - Max Density   : 50%
Layer M5 - Ext Density   : 35%
Layer M5 - Number of windows (total - met pref density = processed): 4225 - 2254 = 1971

***************Before filling***************

Layer M1 - Number of windows under minimum density (20%): 2922 out of total 4225.
Layer M1 - Number of windows over maximum density  (50%): 0 out of total 4225.

Layer M2 - Number of windows under minimum density (20%): 3155 out of total 4225.
Layer M2 - Number of windows over maximum density  (50%): 0 out of total 4225.

Layer M3 - Number of windows under minimum density (20%): 3441 out of total 4225.
Layer M3 - Number of windows over maximum density  (50%): 0 out of total 4225.

Layer M4 - Number of windows under minimum density (20%): 441 out of total 4225.
Layer M4 - Number of windows over maximum density  (50%): 0 out of total 4225.

Layer M5 - Number of windows under minimum density (20%): 503 out of total 4225.
Layer M5 - Number of windows over maximum density  (50%): 0 out of total 4225.

***************After filling***************

Layer M1 - Number of windows under minimum density (20%): 0 out of total 4225.
Layer M1 - Number of windows over maximum density  (50%): 0 out of total 4225.

Layer M2 - Number of windows under minimum density (20%): 0 out of total 4225.
Layer M2 - Number of windows over maximum density  (50%): 0 out of total 4225.

Layer M3 - Number of windows under minimum density (20%): 0 out of total 4225.
Layer M3 - Number of windows over maximum density  (50%): 0 out of total 4225.

Layer M4 - Number of windows under minimum density (20%): 0 out of total 4225.
Layer M4 - Number of windows over maximum density  (50%): 6 out of total 4225.

Layer M5 - Number of windows under minimum density (20%): 0 out of total 4225.
Layer M5 - Number of windows over maximum density  (50%): 0 out of total 4225.

